<?xml version="1.0" encoding="UTF-8"?>
<!-- Generated by org.testng.reporters.JUnitReportReporter -->
<testsuite hostname="Amal_Khan" failures="0" tests="1" name="test.PaymentsTest" time="18.248" errors="0" timestamp="2024-12-28T19:13:25 IST" skipped="0">
  <testcase classname="test.PaymentsTest" name="verifyClicknewBeneficiaryButton" time="18.248"/>
</testsuite> <!-- test.PaymentsTest -->
