<?xml version="1.0" encoding="UTF-8"?>
<!-- Generated by org.testng.reporters.JUnitReportReporter -->
<testsuite hostname="Amal_Khan" failures="0" tests="2" name="test.YuzeTransferAmountconfirmdetailsTest" time="15.411" errors="0" timestamp="2025-02-02T09:38:01 IST" skipped="1">
  <testcase classname="test.YuzeTransferAmountconfirmdetailsTest" name="verifyyuzepaymentdropdownselection" time="15.411"/>
  <testcase classname="test.YuzeTransferAmountconfirmdetailsTest" name="verifyyuzepayment">
    <skipped/>
  </testcase> <!-- verifyyuzepayment -->
</testsuite> <!-- test.YuzeTransferAmountconfirmdetailsTest -->
