<?xml version="1.0" encoding="UTF-8"?>
<!-- Generated by org.testng.reporters.JUnitReportReporter -->
<testsuite hostname="Amal_Khan" failures="0" tests="1" name="test.AccountsDetailspopupTest" time="23.465" errors="0" timestamp="2024-12-25T22:28:17 IST" skipped="0">
  <testcase classname="test.AccountsDetailspopupTest" name="verifyAccountsendviaEmail" time="23.465"/>
</testsuite> <!-- test.AccountsDetailspopupTest -->
