<?xml version="1.0" encoding="UTF-8"?>
<!-- Generated by org.testng.reporters.JUnitReportReporter -->
<testsuite hostname="Amal_Khan" failures="0" tests="4" name="test.LoginTest" time="25.435" errors="0" timestamp="2025-04-19T10:26:19 IST" skipped="3">
  <testcase classname="test.LoginTest" name="verifyprivacyclick" time="25.435"/>
  <testcase classname="test.LoginTest" name="verifyLoginPageTitle">
    <skipped/>
  </testcase> <!-- verifyLoginPageTitle -->
  <testcase classname="test.LoginTest" name="verifyInvalidLogin">
    <skipped/>
  </testcase> <!-- verifyInvalidLogin -->
  <testcase classname="test.LoginTest" name="verifyLogin">
    <skipped/>
  </testcase> <!-- verifyLogin -->
</testsuite> <!-- test.LoginTest -->
