<?xml version="1.0" encoding="UTF-8"?>
<!-- Generated by org.testng.reporters.JUnitReportReporter -->
<testsuite hostname="Amal_Khan" failures="0" tests="2" name="test.YuzeTransferpageTest" time="20.137" errors="0" timestamp="2025-01-06T21:08:32 IST" skipped="1">
  <testcase classname="test.YuzeTransferpageTest" name="verifyClickcreateyuzetransfer" time="20.137"/>
  <testcase classname="test.YuzeTransferpageTest" name="verifyClicknewBeneficiaryButton">
    <skipped/>
  </testcase> <!-- verifyClicknewBeneficiaryButton -->
</testsuite> <!-- test.YuzeTransferpageTest -->
